# -*-compilation-*-
Processing `C:/Users/chris/OneDrive/Documents/LilyPond/Wagner-On_With_The_Snow/parts/flute1.ly'
Parsing...
Interpreting music...[8][16][24][32]
Preprocessing graphical objects...
Interpreting music...
Preprocessing graphical objects...
Calculating line breaks... 
Drawing systems... 
Interpreting music...
Preprocessing graphical objects...
Calculating line breaks... 
Drawing systems... 
Interpreting music...
Preprocessing graphical objects...
Calculating line breaks... 
Drawing systems... 
Finding the ideal number of pages...
Fitting music on 1 page...
Drawing systems...
Layout output to `/Users/chris/OneDrive/Documents/LilyPond/Wagner-On_With_The_Snow/parts/flute1.ps'...
Converting to `/Users/chris/OneDrive/Documents/LilyPond/Wagner-On_With_The_Snow/parts/flute1.pdf'...
Success: compilation successfully completed
